file:D:/Git/etc/gitconfig	diff.astextplain.textconv=astextplain
file:D:/Git/etc/gitconfig	filter.lfs.clean=git-lfs clean -- %f
file:D:/Git/etc/gitconfig	filter.lfs.smudge=git-lfs smudge -- %f
file:D:/Git/etc/gitconfig	filter.lfs.process=git-lfs filter-process
file:D:/Git/etc/gitconfig	filter.lfs.required=true
file:D:/Git/etc/gitconfig	http.sslbackend=openssl
file:D:/Git/etc/gitconfig	http.sslcainfo=d:/Git/mingw64/etc/ssl/certs/ca-bundle.crt
file:D:/Git/etc/gitconfig	core.autocrlf=true
file:D:/Git/etc/gitconfig	core.fscache=true
file:D:/Git/etc/gitconfig	core.symlinks=false
file:D:/Git/etc/gitconfig	pull.rebase=false
file:D:/Git/etc/gitconfig	credential.helper=manager
file:D:/Git/etc/gitconfig	credential.https://dev.azure.com.usehttppath=true
file:D:/Git/etc/gitconfig	init.defaultbranch=master
file:C:/Users/legey/.gitconfig	filter.lfs.required=true
file:C:/Users/legey/.gitconfig	filter.lfs.clean=git-lfs clean -- %f
file:C:/Users/legey/.gitconfig	filter.lfs.smudge=git-lfs smudge -- %f
file:C:/Users/legey/.gitconfig	filter.lfs.process=git-lfs filter-process
file:C:/Users/legey/.gitconfig	user.name=Leheida Olexandr
file:C:/Users/legey/.gitconfig	user.email=legeyda1972@gmail.com
file:C:/Users/legey/.gitconfig	gui.recentrepo=D:/hero-bio
file:C:/Users/legey/.gitconfig	alias.logo=log --pretty=oneline
file:C:/Users/legey/.gitconfig	alias.loglast=log -1 HEAD
file:C:/Users/legey/.gitconfig	alias.logg=log --graph
file:C:/Users/legey/.gitconfig	alias.logf=log
file:C:/Users/legey/.gitconfig	alias.mylog=log -p
file:C:/Users/legey/.gitconfig	alias.log-search-message=log --grep
file:C:/Users/legey/.gitconfig	alias.log-search-code=log -S
file:.git/config	core.repositoryformatversion=0
file:.git/config	core.filemode=false
file:.git/config	core.bare=false
file:.git/config	core.logallrefupdates=true
file:.git/config	core.symlinks=false
file:.git/config	core.ignorecase=true
file:.git/config	remote.origin.url=git@github.com:oleheyda72/hello-world.git
file:.git/config	remote.origin.fetch=+refs/heads/*:refs/remotes/origin/*
file:.git/config	branch.main.remote=origin
file:.git/config	branch.main.merge=refs/heads/main
file:.git/config	remote.origin2.url=git@github.com:oleheyda72/hello-world.git
file:.git/config	remote.origin2.fetch=+refs/heads/*:refs/remotes/origin2/*
